-------------------------------------------------------------------------------
Test set: BookJPATest
-------------------------------------------------------------------------------
<<<<<<< HEAD
<<<<<<< HEAD
Tests run: 1, Failures: 0, Errors: 0, Skipped: 1, Time elapsed: 0.109 s - in BookJPATest
=======
Tests run: 1, Failures: 0, Errors: 0, Skipped: 1, Time elapsed: 0.013 s - in BookJPATest
>>>>>>> a7d211f7901e71e82e462fe41c27cf75d84ad32e
=======
Tests run: 1, Failures: 0, Errors: 0, Skipped: 1, Time elapsed: 0 s - in BookJPATest
>>>>>>> 72a1cab27c2457743e3fe0f74380afc6cc5667b3
